[19-Feb-2019 22:51:43 UTC] PHP Notice:  Undefined variable: post_data in /Applications/MAMP/htdocs/tom/wp-content/themes/tom_curphey/functions.php on line 371
[19-Feb-2019 22:51:43 UTC] PHP Notice:  Undefined variable: post_data in /Applications/MAMP/htdocs/tom/wp-content/themes/tom_curphey/functions.php on line 371
[19-Feb-2019 22:51:43 UTC] PHP Notice:  Undefined index: url in /Applications/MAMP/htdocs/tom/wp-content/themes/tom_curphey/functions.php on line 246
[19-Feb-2019 22:51:43 UTC] PHP Notice:  Undefined index: url in /Applications/MAMP/htdocs/tom/wp-content/themes/tom_curphey/functions.php on line 252
[19-Feb-2019 22:51:43 UTC] PHP Fatal error:  Uncaught Error: Call to undefined function LinkTo() in /Applications/MAMP/htdocs/tom/wp-content/themes/tom_curphey/footer.php:82
Stack trace:
#0 /Applications/MAMP/htdocs/tom/wp-includes/template.php(688): require_once()
#1 /Applications/MAMP/htdocs/tom/wp-includes/template.php(647): load_template('/Applications/M...', true)
#2 /Applications/MAMP/htdocs/tom/wp-includes/general-template.php(76): locate_template(Array, true)
#3 /Applications/MAMP/htdocs/tom/wp-content/themes/tom_curphey/page-front.php(113): get_footer()
#4 /Applications/MAMP/htdocs/tom/wp-includes/template-loader.php(74): include('/Applications/M...')
#5 /Applications/MAMP/htdocs/tom/wp-blog-header.php(19): require_once('/Applications/M...')
#6 /Applications/MAMP/htdocs/tom/index.php(17): require('/Applications/M...')
#7 {main}
  thrown in /Applications/MAMP/htdocs/tom/wp-content/themes/tom_curphey/footer.php on line 82
[20-Feb-2019 03:11:18 UTC] PHP Warning:  An unexpected error occurred. Something may be wrong with WordPress.org or this server&#8217;s configuration. If you continue to have problems, please try the <a href="https://wordpress.org/support/">support forums</a>. (WordPress could not establish a secure connection to WordPress.org. Please contact your server administrator.) in /Applications/MAMP/htdocs/tom/wp-includes/update.php on line 155
[20-Feb-2019 03:11:18 UTC] PHP Warning:  An unexpected error occurred. Something may be wrong with WordPress.org or this server&#8217;s configuration. If you continue to have problems, please try the <a href="https://wordpress.org/support/">support forums</a>. (WordPress could not establish a secure connection to WordPress.org. Please contact your server administrator.) in /Applications/MAMP/htdocs/tom/wp-includes/update.php on line 347
[20-Feb-2019 03:11:18 UTC] PHP Warning:  An unexpected error occurred. Something may be wrong with WordPress.org or this server&#8217;s configuration. If you continue to have problems, please try the <a href="https://wordpress.org/support/">support forums</a>. (WordPress could not establish a secure connection to WordPress.org. Please contact your server administrator.) in /Applications/MAMP/htdocs/tom/wp-includes/update.php on line 529
[20-Feb-2019 04:20:03 UTC] PHP Notice:  Array to string conversion in /Applications/MAMP/htdocs/tom/wp-content/themes/tom_curphey/functions.php on line 229
[20-Feb-2019 05:12:56 UTC] PHP Notice:  Array to string conversion in /Applications/MAMP/htdocs/tom/wp-content/themes/tom_curphey/functions.php on line 229
[20-Feb-2019 05:14:38 UTC] PHP Parse error:  syntax error, unexpected '}', expecting end of file in /Applications/MAMP/htdocs/tom/wp-content/themes/tom_curphey/functions.php on line 240
[20-Feb-2019 05:14:57 UTC] PHP Notice:  Array to string conversion in /Applications/MAMP/htdocs/tom/wp-content/themes/tom_curphey/functions.php on line 235
[20-Feb-2019 05:40:51 UTC] PHP Notice:  Array to string conversion in /Applications/MAMP/htdocs/tom/wp-content/themes/tom_curphey/functions.php on line 235
[20-Feb-2019 21:45:35 UTC] PHP Warning:  An unexpected error occurred. Something may be wrong with WordPress.org or this server&#8217;s configuration. If you continue to have problems, please try the <a href="https://wordpress.org/support/">support forums</a>. (WordPress could not establish a secure connection to WordPress.org. Please contact your server administrator.) in /Applications/MAMP/htdocs/tom/wp-includes/update.php on line 155
[20-Feb-2019 21:45:35 UTC] PHP Warning:  An unexpected error occurred. Something may be wrong with WordPress.org or this server&#8217;s configuration. If you continue to have problems, please try the <a href="https://wordpress.org/support/">support forums</a>. (WordPress could not establish a secure connection to WordPress.org. Please contact your server administrator.) in /Applications/MAMP/htdocs/tom/wp-includes/update.php on line 347
[20-Feb-2019 21:45:35 UTC] PHP Warning:  An unexpected error occurred. Something may be wrong with WordPress.org or this server&#8217;s configuration. If you continue to have problems, please try the <a href="https://wordpress.org/support/">support forums</a>. (WordPress could not establish a secure connection to WordPress.org. Please contact your server administrator.) in /Applications/MAMP/htdocs/tom/wp-includes/update.php on line 529
[21-Feb-2019 02:23:52 UTC] WordPress database error You have an error in your SQL syntax; check the manual that corresponds to your MySQL server version for the right syntax to use near 'WHERE `id = 6`' at line 1 for query UPDATE `wp_votes` SET `vote_count = 5` WHERE `id = 6` made by require('wp-blog-header.php'), wp, WP->main, WP->parse_request, do_action_ref_array, WP_Hook->do_action, WP_Hook->apply_filters, rest_api_loaded, WP_REST_Server->serve_request, WP_REST_Server->dispatch, handle_update_vote
